----------------------------------------
  Jeron 7975 Service   Version: 1.0.9
  Date: Friday, June 14 2024
----------------------------------------

11:02:33.98 Service Starting.
11:02:33.98 Configuration file date last changed 2024-05-31 11:50:51
----------------------------------------
  Jeron 7975 Service   Version: 1.0.9
  Date: Friday, June 14 2024
----------------------------------------

11:03:38.78 Service Starting.
11:03:38.78 Configuration file date last changed 2024-06-14 11:03:13
----------------------------------------
  Jeron 7975 Service   Version: 1.0.9
  Date: Friday, June 14 2024
----------------------------------------

11:03:49.98 Service Starting.
11:03:49.98 Configuration file date last changed 2024-06-14 11:03:13
----------------------------------------
  Jeron 7975 Service   Version: 1.0.9
  Date: Friday, June 14 2024
----------------------------------------

11:05:55.28 Service Starting.
11:05:55.28 Configuration file date last changed 2024-06-14 11:05:51
----------------------------------------
  Jeron 7975 Service   Version: 1.0.9
  Date: Friday, June 14 2024
----------------------------------------

11:06:06.94 Service Starting.
11:06:06.94 Configuration file date last changed 2024-06-14 11:05:51
----------------------------------------
  Jeron 7975 Service   Version: 1.0.9
  Date: Friday, June 14 2024
----------------------------------------

11:06:33.38 Service Starting.
11:06:33.39 Configuration file date last changed 2024-06-14 11:06:30
----------------------------------------
  Jeron 7975 Service   Version: 1.0.9
  Date: Friday, June 14 2024
----------------------------------------

11:06:43.64 Service Starting.
11:06:43.64 Configuration file date last changed 2024-06-14 11:06:30
